Compilación iniciada a las 08/02/2016 18:02:31.
     1>Proyecto "D:\llllllll\P2\Lemmings\Lemmings\Lemmings\Lemmings.vcxproj" en el nodo 2 (Build destinos).
     1>ClCompile:
         C:\Program Files (x86)\Microsoft Visual Studio 12.0\VC\bin\CL.exe /c /ZI /nologo /W4 /WX- /sdl /Od /Oy- /D _MBCS /Gm /EHsc /RTC1 /MDd /GS /fp:precise /Zc:wchar_t /Zc:forScope /Fo"Debug\\" /Fd"Debug\vc120.pdb" /Gd /TP /analyze- /errorReport:prompt Source.cpp
         Source.cpp
     1>d:\llllllll\p2\lemmings\lemmings\lemmings\source.cpp(5): warning C4100: 'args' : parámetro formal sin referencia
     1>d:\llllllll\p2\lemmings\lemmings\lemmings\source.cpp(5): warning C4100: 'argc' : parámetro formal sin referencia
       Link:
         C:\Program Files (x86)\Microsoft Visual Studio 12.0\VC\bin\link.exe /ERRORREPORT:PROMPT /OUT:"D:\llllllll\P2\Lemmings\Lemmings\Debug\Lemmings.exe" /INCREMENTAL /NOLOGO SDL2.lib SDL2main.lib SDL2_image.lib SDL2_mixer.lib kernel32.lib user32.lib gdi32.lib winspool.lib comdlg32.lib advapi32.lib shell32.lib ole32.lib oleaut32.lib uuid.lib odbc32.lib odbccp32.lib /MANIFEST /MANIFESTUAC:"level='asInvoker' uiAccess='false'" /manifest:embed /DEBUG /PDB:"D:\llllllll\P2\Lemmings\Lemmings\Debug\Lemmings.pdb" /SUBSYSTEM:CONSOLE /TLBID:1 /DYNAMICBASE /NXCOMPAT /IMPLIB:"D:\llllllll\P2\Lemmings\Lemmings\Debug\Lemmings.lib" /MACHINE:X86 Debug\ABCsAlphaNum.obj
         Debug\Button.obj
         Debug\DoorExit.obj
         Debug\Element.obj
         Debug\ElementGame.obj
         Debug\ElementHUD.obj
         Debug\File.obj
         Debug\Background.obj
         Debug\InputManager.obj
         Debug\Lemming.obj
         Debug\Map.obj
         Debug\Minimap.obj
         Debug\DoorEnter.obj
         Debug\ResourceManager.obj
         Debug\SceneCodeLevel.obj
         Debug\SceneGame.obj
         Debug\SceneLogo.obj
         Debug\SceneManager.obj
         Debug\SceneMenu.obj
         Debug\SingletonManager.obj
         Debug\Source.obj
         Debug\Time.obj
         Debug\Trap.obj
         Debug\VideoManager.obj
         Lemmings.vcxproj -> D:\llllllll\P2\Lemmings\Lemmings\Debug\Lemmings.exe
     1>Compilación del proyecto terminada "D:\llllllll\P2\Lemmings\Lemmings\Lemmings\Lemmings.vcxproj" (Build destinos).

Compilación correcta.

Tiempo transcurrido 00:00:00.47
